0 info it worked if it ends with ok
1 verbose cli [
1 verbose cli   'C:\\Program Files\\nodejs\\node.exe',
1 verbose cli   'C:\\Program Files\\nodejs\\node_modules\\npm\\bin\\npm-cli.js',
1 verbose cli   'start'
1 verbose cli ]
2 info using npm@6.14.11
3 info using node@v14.16.0
4 verbose run-script [ 'prestart', 'start', 'poststart' ]
5 info lifecycle gc-frontend@0.1.0~prestart: gc-frontend@0.1.0
6 info lifecycle gc-frontend@0.1.0~start: gc-frontend@0.1.0
7 verbose lifecycle gc-frontend@0.1.0~start: unsafe-perm in lifecycle true
8 verbose lifecycle gc-frontend@0.1.0~start: PATH: C:\Program Files\nodejs\node_modules\npm\node_modules\npm-lifecycle\node-gyp-bin;C:\Users\Dominick Wliey\git\gameclub.github.io\gc-frontend\node_modules\.bin;C:\Program Files\Git\mingw64\bin;C:\Program Files\Git\usr\bin;C:\Users\Dominick Wliey\bin;C:\WINDOWS\system32;C:\WINDOWS;C:\WINDOWS\System32\Wbem;C:\WINDOWS\System32\WindowsPowerShell\v1.0;C:\WINDOWS\System32\OpenSSH;C:\Program Files\PuTTY;C:\Program Files (x86)\GtkSharp\2.12\bin;C:\Program Files\dotnet;C:\Program Files (x86)\NVIDIA Corporation\PhysX\Common;C:\Program Files\NVIDIA Corporation\NVIDIA NvDLISR;C:\Program Files\Amazon\AWSSAMCLI\bin;C:\Program Files\Git\cmd;C:\Program Files\apache-maven-3.6.3\bin;C:\WINDOWS\system32;C:\WINDOWS;C:\WINDOWS\System32\Wbem;C:\WINDOWS\System32\WindowsPowerShell\v1.0;C:\WINDOWS\System32\OpenSSH;C:\Program Files\nodejs;C:\ProgramData\chocolatey\bin;C:\Program Files\Docker\Docker\resources\bin;C:\ProgramData\DockerDesktop\version-bin;C:\Users\Dominick Wliey\AppData\Local\Programs\Python\Python39\Scripts;C:\Users\Dominick Wliey\AppData\Local\Programs\Microsoft VS Code;C:\Users\Dominick Wliey\AppData\Local\Programs\Python\Python39;C:\Drivers;C:\Program Files\Java\jdk1.8.0_281\bin;C:\Program Files (x86)\Microsoft Visual Studio\2019\Community\VC\Tools\MSVC\14.22.27905\bin\HostX64\x64;C:\Users\Dominick Wliey\.cargo\bin;C:\Users\Dominick Wliey\AppData\Local\Microsoft\WindowsApps;C:\Users\Dominick Wliey\AppData\Local\Programs\Microsoft VS Code\bin;C:\Users\Dominick Wliey\AppData\Roaming\npm;C:\Program Files\heroku\bin;C:\Users\Dominick Wliey\AppData\Local\Programs\Python\Python39;C:\Users\Dominick Wliey\AppData\Local\Drivers\chromedriver.exe;C:\Program Files\Java\jdk1.8.0_281\bin;C:\Program Files (x86)\Microsoft Visual Studio\2019\Community\VC\Tools\MSVC\14.22.27905\bin\HostX64\x64
9 verbose lifecycle gc-frontend@0.1.0~start: CWD: C:\Users\Dominick Wliey\git\gameclub.github.io\gc-frontend
10 silly lifecycle gc-frontend@0.1.0~start: Args: [ '/d /s /c', 'react-scripts start' ]
11 silly lifecycle gc-frontend@0.1.0~start: Returned: code: 1  signal: null
12 info lifecycle gc-frontend@0.1.0~start: Failed to exec start script
13 verbose stack Error: gc-frontend@0.1.0 start: `react-scripts start`
13 verbose stack Exit status 1
13 verbose stack     at EventEmitter.<anonymous> (C:\Program Files\nodejs\node_modules\npm\node_modules\npm-lifecycle\index.js:332:16)
13 verbose stack     at EventEmitter.emit (events.js:315:20)
13 verbose stack     at ChildProcess.<anonymous> (C:\Program Files\nodejs\node_modules\npm\node_modules\npm-lifecycle\lib\spawn.js:55:14)
13 verbose stack     at ChildProcess.emit (events.js:315:20)
13 verbose stack     at maybeClose (internal/child_process.js:1048:16)
13 verbose stack     at Process.ChildProcess._handle.onexit (internal/child_process.js:288:5)
14 verbose pkgid gc-frontend@0.1.0
15 verbose cwd C:\Users\Dominick Wliey\git\gameclub.github.io\gc-frontend
16 verbose Windows_NT 10.0.19042
17 verbose argv "C:\\Program Files\\nodejs\\node.exe" "C:\\Program Files\\nodejs\\node_modules\\npm\\bin\\npm-cli.js" "start"
18 verbose node v14.16.0
19 verbose npm  v6.14.11
20 error code ELIFECYCLE
21 error errno 1
22 error gc-frontend@0.1.0 start: `react-scripts start`
22 error Exit status 1
23 error Failed at the gc-frontend@0.1.0 start script.
23 error This is probably not a problem with npm. There is likely additional logging output above.
24 verbose exit [ 1, true ]
